2020-10-21 10:40:34,183 - engine_logger:INFO - Initated logger in MainProgram 
2020-10-21 10:40:34,183 - engine_logger:DEBUG - logger debug level msg 
2020-10-21 10:40:34,183 - engine_logger:INFO - logger info level msg 
2020-10-21 10:40:34,183 - engine_logger:WARNING - logger warn level msg 
2020-10-21 10:40:34,183 - engine_logger:ERROR - logger error level msg 
2020-10-21 10:40:34,184 - engine_logger:CRITICAL - logger critical level msg 
2020-10-21 10:40:34,184 - engine_logger:INFO - Parsing args in ArgParser
2020-10-21 10:40:34,184 - engine_logger:INFO - Args from cmdline: Namespace(configs_file='configs.yaml', mode='default')
2020-10-21 10:40:34,187 - engine_logger:INFO - Loaded yaml configs: {'default': {'game': {'grid_size': 90, 'interval': 45, 'start_pattern': 'random'}, 'main_program': {'delay_start': False, 'display': True}}, 'foo_mode': {'game': {'start_pattern': 'gosper'}, 'main_program': {'display': False}}, 'bar_mode': {'game': {'start_pattern': 'glider'}, 'main_program': {'display': False}}}
2020-10-21 10:40:34,187 - engine_logger:WARNING - Config file contains an attribute that is not in this class's attribute and therefore has not been set (k,v): delay_start, False
2020-10-21 10:40:34,187 - engine_logger:WARNING - Config file contains an attribute that is not in this class's attribute and therefore has not been set (k,v): display, True
2020-10-21 10:40:34,187 - engine_logger:INFO - Done init in MainProgram.
2020-10-21 10:41:35,915 - engine_logger:INFO - Initated logger in MainProgram 
2020-10-21 10:41:35,915 - engine_logger:DEBUG - logger debug level msg 
2020-10-21 10:41:35,915 - engine_logger:INFO - logger info level msg 
2020-10-21 10:41:35,916 - engine_logger:WARNING - logger warn level msg 
2020-10-21 10:41:35,916 - engine_logger:ERROR - logger error level msg 
2020-10-21 10:41:35,916 - engine_logger:CRITICAL - logger critical level msg 
2020-10-21 10:41:35,916 - engine_logger:INFO - Parsing args in ArgParser
2020-10-21 10:41:35,917 - engine_logger:INFO - Args from cmdline: Namespace(configs_file='configs.yaml', mode='default')
2020-10-21 10:41:35,918 - engine_logger:INFO - Loaded yaml configs: {'default': {'main_program': {'foo': 42}}, 'foo_mode': {'main_program': {'foo': 'foo'}}, 'bar_mode': {'main_program': {'foo': 'bar'}}}
2020-10-21 10:41:35,918 - engine_logger:INFO - Done init in MainProgram.
2020-10-21 10:42:14,403 - engine_logger:INFO - Initated logger in MainProgram 
2020-10-21 10:42:14,404 - engine_logger:DEBUG - logger debug level msg 
2020-10-21 10:42:14,404 - engine_logger:INFO - logger info level msg 
2020-10-21 10:42:14,404 - engine_logger:WARNING - logger warn level msg 
2020-10-21 10:42:14,404 - engine_logger:ERROR - logger error level msg 
2020-10-21 10:42:14,404 - engine_logger:CRITICAL - logger critical level msg 
2020-10-21 10:42:14,404 - engine_logger:INFO - Parsing args in ArgParser
2020-10-21 10:42:14,405 - engine_logger:INFO - Args from cmdline: Namespace(configs_file='configs.yaml', mode='default')
2020-10-21 10:42:14,407 - engine_logger:INFO - Loaded yaml configs: {'default': {'main_program': {'foo': 42, 'undeclared_attribute': 'ignored'}}, 'foo_mode': {'main_program': {'foo': 'foo'}}, 'bar_mode': {'main_program': {'foo': 'bar'}}}
2020-10-21 10:42:14,407 - engine_logger:WARNING - Config file contains an attribute that is not in this class's attribute and therefore has not been set (k,v): undeclared_attribute, ignored
2020-10-21 10:42:14,407 - engine_logger:INFO - Done init in MainProgram.
2020-10-21 10:42:58,212 - engine_logger:INFO - Initated logger in MainProgram 
2020-10-21 10:42:58,212 - engine_logger:DEBUG - logger debug level msg 
2020-10-21 10:42:58,212 - engine_logger:INFO - logger info level msg 
2020-10-21 10:42:58,212 - engine_logger:WARNING - logger warn level msg 
2020-10-21 10:42:58,212 - engine_logger:ERROR - logger error level msg 
2020-10-21 10:42:58,212 - engine_logger:CRITICAL - logger critical level msg 
2020-10-21 10:42:58,212 - engine_logger:INFO - Parsing args in ArgParser
2020-10-21 10:42:58,213 - engine_logger:INFO - Args from cmdline: Namespace(configs_file='configs.yaml', mode='bar')
2020-10-21 10:42:58,215 - engine_logger:INFO - Loaded yaml configs: {'default': {'main_program': {'foo': 42, 'undeclared_attribute': 'ignored'}}, 'foo_mode': {'main_program': {'foo': 'foo'}}, 'bar_mode': {'main_program': {'foo': 'bar'}}}
2020-10-21 10:42:58,215 - engine_logger:WARNING - Config file contains an attribute that is not in this class's attribute and therefore has not been set (k,v): undeclared_attribute, ignored
2020-10-21 10:43:20,280 - engine_logger:INFO - Initated logger in MainProgram 
2020-10-21 10:43:20,280 - engine_logger:DEBUG - logger debug level msg 
2020-10-21 10:43:20,281 - engine_logger:INFO - logger info level msg 
2020-10-21 10:43:20,281 - engine_logger:WARNING - logger warn level msg 
2020-10-21 10:43:20,281 - engine_logger:ERROR - logger error level msg 
2020-10-21 10:43:20,281 - engine_logger:CRITICAL - logger critical level msg 
2020-10-21 10:43:20,281 - engine_logger:INFO - Parsing args in ArgParser
2020-10-21 10:43:20,282 - engine_logger:INFO - Args from cmdline: Namespace(configs_file='configs.yaml', mode='bar_mode')
2020-10-21 10:43:20,283 - engine_logger:INFO - Loaded yaml configs: {'default': {'main_program': {'foo': 42, 'undeclared_attribute': 'ignored'}}, 'foo_mode': {'main_program': {'foo': 'foo'}}, 'bar_mode': {'main_program': {'foo': 'bar'}}}
2020-10-21 10:43:20,284 - engine_logger:WARNING - Config file contains an attribute that is not in this class's attribute and therefore has not been set (k,v): undeclared_attribute, ignored
2020-10-21 10:43:20,284 - engine_logger:INFO - Done init in MainProgram.
2020-10-21 10:44:41,734 - engine_logger:INFO - Initated logger in MainProgram 
2020-10-21 10:44:41,734 - engine_logger:DEBUG - logger debug level msg 
2020-10-21 10:44:41,734 - engine_logger:INFO - logger info level msg 
2020-10-21 10:44:41,735 - engine_logger:WARNING - logger warn level msg 
2020-10-21 10:44:41,735 - engine_logger:ERROR - logger error level msg 
2020-10-21 10:44:41,735 - engine_logger:CRITICAL - logger critical level msg 
2020-10-21 10:44:41,735 - engine_logger:INFO - Parsing args in ArgParser
2020-10-21 10:44:41,736 - engine_logger:INFO - Args from cmdline: Namespace(configs_file='configs.yaml', mode='bar_mode')
2020-10-21 10:44:41,737 - engine_logger:INFO - Loaded yaml configs: {'default': {'main_program': {'foo': 42, 'undeclared_attribute': 'ignored'}}, 'foo_mode': {'main_program': {'foo': 'foo'}}, 'bar_mode': {'main_program': {'foo': 'bar'}}}
2020-10-21 10:44:41,737 - engine_logger:INFO - Attribute foo has been set to 42
2020-10-21 10:44:41,738 - engine_logger:WARNING - Config file contains an attribute that is not in this class's attribute and therefore has not been set (k,v): undeclared_attribute, ignored
2020-10-21 10:44:41,738 - engine_logger:INFO - Attribute foo has been set to bar
2020-10-21 10:44:41,738 - engine_logger:INFO - Done init in MainProgram.
2020-10-21 10:47:10,890 - engine_logger:INFO - Initated logger in MainProgram 
2020-10-21 10:47:10,890 - engine_logger:DEBUG - logger debug level msg 
2020-10-21 10:47:10,890 - engine_logger:INFO - logger info level msg 
2020-10-21 10:47:10,891 - engine_logger:WARNING - logger warn level msg 
2020-10-21 10:47:10,891 - engine_logger:ERROR - logger error level msg 
2020-10-21 10:47:10,891 - engine_logger:CRITICAL - logger critical level msg 
2020-10-21 10:47:10,891 - engine_logger:INFO - Parsing args in ArgParser
2020-10-21 10:47:10,891 - engine_logger:INFO - ArgParser - parsing commandline args... 
2020-10-21 10:47:10,892 - engine_logger:INFO - Args from cmdline: Namespace(configs_file='configs.yaml', mode='bar_mode')
2020-10-21 10:47:10,894 - engine_logger:INFO - Loaded yaml configs: {'default': {'main_program': {'foo': 42, 'undeclared_attribute': 'ignored'}}, 'foo_mode': {'main_program': {'foo': 'foo'}}, 'bar_mode': {'main_program': {'foo': 'bar'}}}
2020-10-21 10:47:10,894 - engine_logger:INFO - Attribute foo has been set to 42
2020-10-21 10:47:10,894 - engine_logger:WARNING - Config file contains an attribute that is not in this class's attribute and therefore has not been set (k,v): undeclared_attribute, ignored
2020-10-21 10:47:10,894 - engine_logger:INFO - Attribute foo has been set to bar, overriding default values if any.
2020-10-21 10:47:10,894 - engine_logger:INFO - Done init in MainProgram.
